Reading netlist file: "D:\Git\gowin\PolyphonyMatrix_MineSweaper\impl\gwsynthesis\LEDMatrix.vg"
Parsing netlist file "D:\Git\gowin\PolyphonyMatrix_MineSweaper\impl\gwsynthesis\LEDMatrix.vg" completed
Processing netlist completed
Reading constraint file: "D:\Git\gowin\PolyphonyMatrix_MineSweaper\src\top.cst"
Physical Constraint parsed completed
Running placement......
[10%] Placement Phase 0 completed
[20%] Placement Phase 1 completed
[30%] Placement Phase 2 completed
[50%] Placement Phase 3 completed
Running routing......
[60%] Routing Phase 0 completed
[70%] Routing Phase 1 completed
[80%] Routing Phase 2 completed
[90%] Routing Phase 3 completed
Running timing analysis......
[95%] Timing analysis completed
Placement and routing completed
Bitstream generation in progress......
Bitstream generation completed
Running power analysis......
[100%] Power analysis completed
Generate file "D:\Git\gowin\PolyphonyMatrix_MineSweaper\impl\pnr\LEDMatrix.power.html" completed
Generate file "D:\Git\gowin\PolyphonyMatrix_MineSweaper\impl\pnr\LEDMatrix.pin.html" completed
Generate file "D:\Git\gowin\PolyphonyMatrix_MineSweaper\impl\pnr\LEDMatrix.rpt.html" completed
Generate file "D:\Git\gowin\PolyphonyMatrix_MineSweaper\impl\pnr\LEDMatrix.rpt.txt" completed
Generate file "D:\Git\gowin\PolyphonyMatrix_MineSweaper\impl\pnr\LEDMatrix.tr.html" completed
Tue Jan 03 20:32:11 2023

